<?xml version="1.0" encoding="UTF-8"?>
<!-- Generated by org.testng.reporters.JUnitReportReporter -->
<testsuite hostname="DESKTOP-LSFH7L8" failures="0" tests="2" name="qaclickacademy.RestAPITest" time="0.002" errors="0" timestamp="2021-08-30T12:55:21 EDT" skipped="0">
  <testcase classname="qaclickacademy.RestAPITest" name="PostJIRa" time="0.001"/>
  <system-out/>
  <testcase classname="qaclickacademy.RestAPITest" name="delateTwitter" time="0.001"/>
  <system-out/>
</testsuite> <!-- qaclickacademy.RestAPITest -->
