<?xml version="1.0" encoding="UTF-8"?>
<!-- Generated by org.testng.reporters.JUnitReportReporter -->
<testsuite hostname="DESKTOP-LSFH7L8" failures="0" tests="2" name="qaclickacademy.AppiumTest" time="0.005" errors="0" timestamp="2021-08-30T12:55:57 EDT" skipped="0">
  <testcase classname="qaclickacademy.AppiumTest" name="NativeAppAndroid" time="0.001"/>
  <system-out/>
  <testcase classname="qaclickacademy.AppiumTest" name="IOSApp" time="0.004"/>
  <system-out/>
</testsuite> <!-- qaclickacademy.AppiumTest -->
