<?xml version="1.0" encoding="UTF-8"?>
<!-- Generated by org.testng.reporters.JUnitReportReporter -->
<testsuite skipped="0" hostname="DESKTOP-LSFH7L8" name="qaclickacademy.RestAPITest" tests="2" failures="0" timestamp="30 Aug 2021 17:54:13 GMT" time="0.000" errors="0">
  <testcase name="PostJIRa" time="0.000" classname="qaclickacademy.RestAPITest"/>
  <testcase name="delateTwitter" time="0.000" classname="qaclickacademy.RestAPITest"/>
</testsuite> <!-- qaclickacademy.RestAPITest -->
